致命错误：需要一个单独的版本
致命错误：需要一个单独的版本
致命错误：需要一个单独的版本
致命错误：需要一个单独的版本
致命错误：需要一个单独的版本
致命错误：需要一个单独的版本
646a40db6eabc7dd933d25ec0d8bbac93455cccf
646a40db6eabc7dd933d25ec0d8bbac93455cccf
./git.test.sh: line 14: eeeee: command not found
646a40db6eabc7dd933d25ec0d8bbac93455cccf
./git.test.sh: line 14: eeeee: command not found
./git.test.sh: line 21: ./test-exit-code.sh: Permission denied
646a40db6eabc7dd933d25ec0d8bbac93455cccf
./git.test.sh: line 14: eeeee: command not found
./git.test.sh: line 21: ./test-exit-code.sh: Permission denied
646a40db6eabc7dd933d25ec0d8bbac93455cccf
./git.test.sh: line 14: eeeee: command not found
646a40db6eabc7dd933d25ec0d8bbac93455cccf
./git.test.sh: line 14: eeeee: command not found
every thing is ok
646a40db6eabc7dd933d25ec0d8bbac93455cccf
./git.test.sh: line 14: eeeee: command not found
every thing is ok
646a40db6eabc7dd933d25ec0d8bbac93455cccf
./git.test.sh: line 15: eeeee: command not found
every thing is ok
646a40db6eabc7dd933d25ec0d8bbac93455cccf
every thing is ok
./git.test.sh: line 26: somecmd: command not found
